0 info it worked if it ends with ok
1 verbose cli [ 'node', '/usr/local/bin/npm', 'publish' ]
2 info using npm@1.1.66
3 info using node@v0.8.15
4 verbose publish [ '.' ]
5 verbose read json /Users/Matthew/js/npm/hashit/package.json
6 verbose cache add [ '.', null ]
7 silly cache add name=undefined spec="." args=[".",null]
8 verbose parsed url { pathname: '.', path: '.', href: '.' }
9 silly lockFile 3a52ce78- .
10 verbose lock . /Users/Matthew/.npm/3a52ce78-.lock
11 verbose read json package.json
12 verbose tar pack [ '/var/folders/9r/04vj3c651z35fv7zlnx1tf6r0000gn/T/npm-27215/1367062027516-0.7177182247396559/tmp.tgz',
12 verbose tar pack   '.' ]
13 verbose tarball /var/folders/9r/04vj3c651z35fv7zlnx1tf6r0000gn/T/npm-27215/1367062027516-0.7177182247396559/tmp.tgz
14 verbose folder .
15 info prepublish hashit@0.0.0
16 silly lockFile 5ac5d376-27516-0-7177182247396559-tmp-tgz /var/folders/9r/04vj3c651z35fv7zlnx1tf6r0000gn/T/npm-27215/1367062027516-0.7177182247396559/tmp.tgz
17 verbose lock /var/folders/9r/04vj3c651z35fv7zlnx1tf6r0000gn/T/npm-27215/1367062027516-0.7177182247396559/tmp.tgz /Users/Matthew/.npm/5ac5d376-27516-0-7177182247396559-tmp-tgz.lock
18 silly lockFile 5ac5d376-27516-0-7177182247396559-tmp-tgz /var/folders/9r/04vj3c651z35fv7zlnx1tf6r0000gn/T/npm-27215/1367062027516-0.7177182247396559/tmp.tgz
19 verbose tar unpack /var/folders/9r/04vj3c651z35fv7zlnx1tf6r0000gn/T/npm-27215/1367062027516-0.7177182247396559/tmp.tgz
20 silly lockFile e807df71-27516-0-7177182247396559-package /var/folders/9r/04vj3c651z35fv7zlnx1tf6r0000gn/T/npm-27215/1367062027516-0.7177182247396559/package
21 verbose lock /var/folders/9r/04vj3c651z35fv7zlnx1tf6r0000gn/T/npm-27215/1367062027516-0.7177182247396559/package /Users/Matthew/.npm/e807df71-27516-0-7177182247396559-package.lock
22 silly gunzTarPerm modes [ '755', '644' ]
23 silly gunzTarPerm extractEntry package.json
24 silly gunzTarPerm extractEntry README.md
25 silly gunzTarPerm extractEntry index.js
26 silly gunzTarPerm extractEntry test/test.js
27 verbose read json /var/folders/9r/04vj3c651z35fv7zlnx1tf6r0000gn/T/npm-27215/1367062027516-0.7177182247396559/package/package.json
28 silly lockFile e807df71-27516-0-7177182247396559-package /var/folders/9r/04vj3c651z35fv7zlnx1tf6r0000gn/T/npm-27215/1367062027516-0.7177182247396559/package
29 verbose from cache /var/folders/9r/04vj3c651z35fv7zlnx1tf6r0000gn/T/npm-27215/1367062027516-0.7177182247396559/package/package.json
30 verbose tar pack [ '/Users/Matthew/.npm/hashit/0.0.0/package.tgz',
30 verbose tar pack   '/var/folders/9r/04vj3c651z35fv7zlnx1tf6r0000gn/T/npm-27215/1367062027516-0.7177182247396559/package' ]
31 verbose tarball /Users/Matthew/.npm/hashit/0.0.0/package.tgz
32 verbose folder /var/folders/9r/04vj3c651z35fv7zlnx1tf6r0000gn/T/npm-27215/1367062027516-0.7177182247396559/package
33 silly lockFile d470862e-hew-npm-hashit-0-0-0-package-tgz /Users/Matthew/.npm/hashit/0.0.0/package.tgz
34 verbose lock /Users/Matthew/.npm/hashit/0.0.0/package.tgz /Users/Matthew/.npm/d470862e-hew-npm-hashit-0-0-0-package-tgz.lock
35 silly lockFile d470862e-hew-npm-hashit-0-0-0-package-tgz /Users/Matthew/.npm/hashit/0.0.0/package.tgz
36 silly lockFile 3b9d7ade-Matthew-npm-hashit-0-0-0-package /Users/Matthew/.npm/hashit/0.0.0/package
37 verbose lock /Users/Matthew/.npm/hashit/0.0.0/package /Users/Matthew/.npm/3b9d7ade-Matthew-npm-hashit-0-0-0-package.lock
38 silly lockFile 3b9d7ade-Matthew-npm-hashit-0-0-0-package /Users/Matthew/.npm/hashit/0.0.0/package
39 verbose tar unpack /Users/Matthew/.npm/hashit/0.0.0/package.tgz
40 silly lockFile 3b9d7ade-Matthew-npm-hashit-0-0-0-package /Users/Matthew/.npm/hashit/0.0.0/package
41 verbose lock /Users/Matthew/.npm/hashit/0.0.0/package /Users/Matthew/.npm/3b9d7ade-Matthew-npm-hashit-0-0-0-package.lock
42 silly gunzTarPerm modes [ '755', '644' ]
43 silly gunzTarPerm extractEntry package.json
44 silly gunzTarPerm extractEntry README.md
45 silly gunzTarPerm extractEntry index.js
46 silly gunzTarPerm extractEntry test/test.js
47 verbose read json /Users/Matthew/.npm/hashit/0.0.0/package/package.json
48 silly lockFile 3b9d7ade-Matthew-npm-hashit-0-0-0-package /Users/Matthew/.npm/hashit/0.0.0/package
49 silly shasum updated bytes 848
50 info shasum 6f91594f22f095fcc5a7ddfc5a1686b786ac7791
50 info shasum /Users/Matthew/.npm/hashit/0.0.0/package.tgz
51 verbose from cache /Users/Matthew/.npm/hashit/0.0.0/package/package.json
52 verbose chmod /Users/Matthew/.npm/hashit/0.0.0/package.tgz 644
53 verbose chown /Users/Matthew/.npm/hashit/0.0.0/package.tgz [ 501, 20 ]
54 silly lockFile 3a52ce78- .
55 silly publish { name: 'hashit',
55 silly publish   version: '0.0.0',
55 silly publish   description: 'A simple hashing method for passwords, codes and secret things',
55 silly publish   main: 'index.js',
55 silly publish   scripts: { test: 'echo "Error: no test specified" && exit 1' },
55 silly publish   repository: '',
55 silly publish   keywords:
55 silly publish    [ 'hash',
55 silly publish      'hashit',
55 silly publish      'hashing',
55 silly publish      'password',
55 silly publish      'security',
55 silly publish      'crypto',
55 silly publish      'secret',
55 silly publish      'auth',
55 silly publish      'authorisation' ],
55 silly publish   author: { name: 'Matthew Palmer' },
55 silly publish   license: 'BSD',
55 silly publish   readme: 'hashit is a simple method for making secure codes out of plain text. It uses sha-1 and crypto to make things hopefully secure.\n#Usage\n\n    var hashit = require(\'hashit\');\n    hashit(\'somepassword\', \'yoursecretcode\'); //returns a hashed string\n\n',
55 silly publish   readmeFilename: 'README.md',
55 silly publish   _id: 'hashit@0.0.0',
55 silly publish   dist: { shasum: '6f91594f22f095fcc5a7ddfc5a1686b786ac7791' } }
56 verbose url raw hashit
57 verbose url resolving [ 'https://registry.npmjs.org/', './hashit' ]
58 verbose url resolved https://registry.npmjs.org/hashit
59 info trying registry request attempt 1 at 21:27:07
60 http PUT https://registry.npmjs.org/hashit
61 http 409 https://registry.npmjs.org/hashit
62 verbose url raw hashit
63 verbose url resolving [ 'https://registry.npmjs.org/', './hashit' ]
64 verbose url resolved https://registry.npmjs.org/hashit
65 info trying registry request attempt 1 at 21:27:09
66 http GET https://registry.npmjs.org/hashit
67 http 200 https://registry.npmjs.org/hashit
68 error publish fail Cannot publish over existing version.
68 error publish fail Bump the 'version' field, set the --force flag, or
68 error publish fail     npm unpublish 'hashit@0.0.0'
68 error publish fail and try again
69 error System Darwin 12.3.0
70 error command "node" "/usr/local/bin/npm" "publish"
71 error cwd /Users/Matthew/js/npm/hashit
72 error node -v v0.8.15
73 error npm -v 1.1.66
74 error code EPUBLISHCONFLICT
75 verbose exit [ 1, true ]
